# JRE version: Java(TM) SE Runtime Environment (8.0_65-b17) (build 1.8.0_65-b17)
# Java VM: Java HotSpot(TM) 64-Bit Server VM (25.65-b01 mixed mode linux-amd64 compressed oops)
Heap:
 PSYoungGen      total 66048K, used 2528K [0x00000000eb980000, 0x00000000efc80000, 0x0000000100000000)
  eden space 63488K, 0% used [0x00000000eb980000,0x00000000eb980000,0x00000000ef780000)
  from space 2560K, 98% used [0x00000000ef780000,0x00000000ef9f8040,0x00000000efa00000)
  to   space 2560K, 0% used [0x00000000efa00000,0x00000000efa00000,0x00000000efc80000)
 ParOldGen       total 42496K, used 9938K [0x00000000c2c00000, 0x00000000c5580000, 0x00000000eb980000)
  object space 42496K, 23% used [0x00000000c2c00000,0x00000000c35b49d8,0x00000000c5580000)
 Metaspace       used 20910K, capacity 21080K, committed 21296K, reserved 1069056K
  class space    used 2584K, capacity 2624K, committed 2688K, reserved 1048576K
GC Heap History (9 events):
Event: 1.104 GC heap before
{Heap before GC invocations=1 (full 0):
 PSYoungGen      total 18432K, used 15850K [0x00000000eb980000, 0x00000000ece00000, 0x0000000100000000)
  eden space 15872K, 99% used [0x00000000eb980000,0x00000000ec8fa8b0,0x00000000ec900000)
  from space 2560K, 0% used [0x00000000ecb80000,0x00000000ecb80000,0x00000000ece00000)
  to   space 2560K, 0% used [0x00000000ec900000,0x00000000ec900000,0x00000000ecb80000)
 ParOldGen       total 42496K, used 0K [0x00000000c2c00000, 0x00000000c5580000, 0x00000000eb980000)
  object space 42496K, 0% used [0x00000000c2c00000,0x00000000c2c00000,0x00000000c5580000)
 Metaspace       used 6184K, capacity 6330K, committed 6400K, reserved 1056768K
  class space    used 700K, capacity 724K, committed 768K, reserved 1048576K
Event: 1.119 GC heap after
Heap after GC invocations=1 (full 0):
 PSYoungGen      total 18432K, used 1850K [0x00000000eb980000, 0x00000000edd80000, 0x0000000100000000)
  eden space 15872K, 0% used [0x00000000eb980000,0x00000000eb980000,0x00000000ec900000)
  from space 2560K, 72% used [0x00000000ec900000,0x00000000ecacea00,0x00000000ecb80000)
  to   space 2560K, 0% used [0x00000000edb00000,0x00000000edb00000,0x00000000edd80000)
 ParOldGen       total 42496K, used 8K [0x00000000c2c00000, 0x00000000c5580000, 0x00000000eb980000)
  object space 42496K, 0% used [0x00000000c2c00000,0x00000000c2c02000,0x00000000c5580000)
 Metaspace       used 6184K, capacity 6330K, committed 6400K, reserved 1056768K
  class space    used 700K, capacity 724K, committed 768K, reserved 1048576K
}
Event: 1.484 GC heap before
{Heap before GC invocations=2 (full 0):
 PSYoungGen      total 18432K, used 17722K [0x00000000eb980000, 0x00000000edd80000, 0x0000000100000000)
  eden space 15872K, 100% used [0x00000000eb980000,0x00000000ec900000,0x00000000ec900000)
  from space 2560K, 72% used [0x00000000ec900000,0x00000000ecacea00,0x00000000ecb80000)
  to   space 2560K, 0% used [0x00000000edb00000,0x00000000edb00000,0x00000000edd80000)
 ParOldGen       total 42496K, used 8K [0x00000000c2c00000, 0x00000000c5580000, 0x00000000eb980000)
  object space 42496K, 0% used [0x00000000c2c00000,0x00000000c2c02000,0x00000000c5580000)
 Metaspace       used 7586K, capacity 7740K, committed 7936K, reserved 1056768K
  class space    used 881K, capacity 918K, committed 1024K, reserved 1048576K
Event: 1.491 GC heap after
Heap after GC invocations=2 (full 0):
 PSYoungGen      total 34304K, used 2373K [0x00000000eb980000, 0x00000000edd80000, 0x0000000100000000)
  eden space 31744K, 0% used [0x00000000eb980000,0x00000000eb980000,0x00000000ed880000)
  from space 2560K, 92% used [0x00000000edb00000,0x00000000edd51740,0x00000000edd80000)
  to   space 2560K, 0% used [0x00000000ed880000,0x00000000ed880000,0x00000000edb00000)
 ParOldGen       total 42496K, used 16K [0x00000000c2c00000, 0x00000000c5580000, 0x00000000eb980000)
  object space 42496K, 0% used [0x00000000c2c00000,0x00000000c2c04000,0x00000000c5580000)
 Metaspace       used 7586K, capacity 7740K, committed 7936K, reserved 1056768K
  class space    used 881K, capacity 918K, committed 1024K, reserved 1048576K
}
Event: 2.706 GC heap before
{Heap before GC invocations=3 (full 0):
 PSYoungGen      total 34304K, used 34117K [0x00000000eb980000, 0x00000000edd80000, 0x0000000100000000)
  eden space 31744K, 100% used [0x00000000eb980000,0x00000000ed880000,0x00000000ed880000)
  from space 2560K, 92% used [0x00000000edb00000,0x00000000edd51740,0x00000000edd80000)
  to   space 2560K, 0% used [0x00000000ed880000,0x00000000ed880000,0x00000000edb00000)
 ParOldGen       total 42496K, used 16K [0x00000000c2c00000, 0x00000000c5580000, 0x00000000eb980000)
  object space 42496K, 0% used [0x00000000c2c00000,0x00000000c2c04000,0x00000000c5580000)
 Metaspace       used 13362K, capacity 13504K, committed 13696K, reserved 1060864K
  class space    used 1558K, capacity 1596K, committed 1664K, reserved 1048576K
Event: 2.723 GC heap after
Heap after GC invocations=3 (full 0):
 PSYoungGen      total 34304K, used 2550K [0x00000000eb980000, 0x00000000efc80000, 0x0000000100000000)
  eden space 31744K, 0% used [0x00000000eb980000,0x00000000eb980000,0x00000000ed880000)
  from space 2560K, 99% used [0x00000000ed880000,0x00000000edafd848,0x00000000edb00000)
  to   space 2560K, 0% used [0x00000000efa00000,0x00000000efa00000,0x00000000efc80000)
 ParOldGen       total 42496K, used 2773K [0x00000000c2c00000, 0x00000000c5580000, 0x00000000eb980000)
  object space 42496K, 6% used [0x00000000c2c00000,0x00000000c2eb56a8,0x00000000c5580000)
 Metaspace       used 13362K, capacity 13504K, committed 13696K, reserved 1060864K
  class space    used 1558K, capacity 1596K, committed 1664K, reserved 1048576K
}
Event: 4.123 GC heap before
{Heap before GC invocations=4 (full 0):
 PSYoungGen      total 34304K, used 34294K [0x00000000eb980000, 0x00000000efc80000, 0x0000000100000000)
  eden space 31744K, 100% used [0x00000000eb980000,0x00000000ed880000,0x00000000ed880000)
  from space 2560K, 99% used [0x00000000ed880000,0x00000000edafd848,0x00000000edb00000)
  to   space 2560K, 0% used [0x00000000efa00000,0x00000000efa00000,0x00000000efc80000)
 ParOldGen       total 42496K, used 2773K [0x00000000c2c00000, 0x00000000c5580000, 0x00000000eb980000)
  object space 42496K, 6% used [0x00000000c2c00000,0x00000000c2eb56a8,0x00000000c5580000)
 Metaspace       used 17556K, capacity 17740K, committed 18048K, reserved 1064960K
  class space    used 2060K, capacity 2110K, committed 2176K, reserved 1048576K
Event: 4.197 GC heap after
Heap after GC invocations=4 (full 0):
 PSYoungGen      total 66048K, used 2528K [0x00000000eb980000, 0x00000000efc80000, 0x0000000100000000)
  eden space 63488K, 0% used [0x00000000eb980000,0x00000000eb980000,0x00000000ef780000)
  from space 2560K, 98% used [0x00000000efa00000,0x00000000efc78040,0x00000000efc80000)
  to   space 2560K, 0% used [0x00000000ef780000,0x00000000ef780000,0x00000000efa00000)
 ParOldGen       total 42496K, used 6637K [0x00000000c2c00000, 0x00000000c5580000, 0x00000000eb980000)
  object space 42496K, 15% used [0x00000000c2c00000,0x00000000c327b5a0,0x00000000c5580000)
 Metaspace       used 17556K, capacity 17740K, committed 18048K, reserved 1064960K
  class space    used 2060K, capacity 2110K, committed 2176K, reserved 1048576K
}
Event: 9.065 GC heap before
{Heap before GC invocations=5 (full 0):
 PSYoungGen      total 66048K, used 32794K [0x00000000eb980000, 0x00000000efc80000, 0x0000000100000000)
  eden space 63488K, 47% used [0x00000000eb980000,0x00000000ed70e858,0x00000000ef780000)
  from space 2560K, 98% used [0x00000000efa00000,0x00000000efc78040,0x00000000efc80000)
  to   space 2560K, 0% used [0x00000000ef780000,0x00000000ef780000,0x00000000efa00000)
 ParOldGen       total 42496K, used 6637K [0x00000000c2c00000, 0x00000000c5580000, 0x00000000eb980000)
  object space 42496K, 15% used [0x00000000c2c00000,0x00000000c327b5a0,0x00000000c5580000)
 Metaspace       used 20910K, capacity 21080K, committed 21296K, reserved 1069056K
  class space    used 2584K, capacity 2624K, committed 2688K, reserved 1048576K

